<?xml version="1.0" encoding="UTF-8"?>
<!-- Generated by org.testng.reporters.JUnitReportReporter -->
<testsuite hostname="Sallu" failures="0" tests="2" name="com.facebook_tests.LoginTest" time="10.609" errors="0" timestamp="2024-09-15T22:32:12 BDT" skipped="0">
  <testcase classname="com.facebook_tests.LoginTest" name="invalidPasswordLoginTest" time="5.777"/>
  <testcase classname="com.facebook_tests.LoginTest" name="validLoginTest" time="4.832"/>
</testsuite> <!-- com.facebook_tests.LoginTest -->
